#
# There is insufficient memory for the Java Runtime Environment to continue.
# Native memory allocation (mmap) failed to map 266338304 bytes for G1 virtual space
# Possible reasons:
#   The system is out of physical RAM or swap space
#   The process is running with CompressedOops enabled, and the Java Heap may be blocking the growth of the native heap
# Possible solutions:
#   Reduce memory load on the system
#   Increase physical memory or swap space
#   Check if swap backing store is full
#   Decrease Java heap size (-Xmx/-Xms)
#   Decrease number of Java threads
#   Decrease Java thread stack sizes (-Xss)
#   Set larger code cache with -XX:ReservedCodeCacheSize=
#   JVM is running with Zero Based Compressed Oops mode in which the Java heap is
#     placed in the first 32GB address space. The Java Heap base address is the
#     maximum limit for the native heap growth. Please use -XX:HeapBaseMinAddress
#     to set the Java Heap base and to place the Java Heap above 32GB virtual address.
# This output file may be truncated or incomplete.
#
#  Out of Memory Error (os_windows.cpp:3469), pid=15616, tid=17428
#
# JRE version:  (17.0.1+12) (build )
# Java VM: Java HotSpot(TM) 64-Bit Server VM (17.0.1+12-LTS-39, mixed mode, sharing, tiered, compressed oops, compressed class ptrs, g1 gc, windows-amd64)
# No core dump will be written. Minidumps are not enabled by default on client versions of Windows
#

---------------  S U M M A R Y ------------

Command Line: -Dfile.encoding=UTF-8 -XX:+ShowCodeDetailsInExceptionMessages project.run.Run

Host: Intel(R) Core(TM) i5-9300H CPU @ 2.40GHz, 8 cores, 15G,  Windows 10 , 64 bit Build 22000 (10.0.22000.318)
Time: Wed Nov 24 19:52:21 2021 SE Asia Standard Time elapsed time: 0.018074 seconds (0d 0h 0m 0s)

---------------  T H R E A D  ---------------

Current thread (0x000001391012d4c0):  JavaThread "Unknown thread" [_thread_in_vm, id=17428, stack(0x0000003136900000,0x0000003136a00000)]

Stack: [0x0000003136900000,0x0000003136a00000]
Native frames: (J=compiled Java code, j=interpreted, Vv=VM code, C=native code)
V  [jvm.dll+0x66fa1a]
V  [jvm.dll+0x7ce5a4]
V  [jvm.dll+0x7cfd4e]
V  [jvm.dll+0x7d03b3]
V  [jvm.dll+0x242b05]
V  [jvm.dll+0x66ca39]
V  [jvm.dll+0x661502]
V  [jvm.dll+0x30081b]
V  [jvm.dll+0x307da6]
V  [jvm.dll+0x357a1e]
V  [jvm.dll+0x357c4f]
V  [jvm.dll+0x2d7ad8]
V  [jvm.dll+0x2d8a44]
V  [jvm.dll+0x7a01e1]
V  [jvm.dll+0x365791]
V  [jvm.dll+0x77f6cc]
V  [jvm.dll+0x3e812f]
V  [jvm.dll+0x3e9bd1]
C  [jli.dll+0x527b]
C  [ucrtbase.dll+0x26c0c]
C  [KERNEL32.DLL+0x154e0]
C  [ntdll.dll+0x485b]


---------------  P R O C E S S  ---------------

Threads class SMR info:
_java_thread_list=0x00007ffbcb497818, length=0, elements={
}

Java Threads: ( => current thread )

Other Threads:
  0x000001391017e470 GCTaskThread "GC Thread#0" [stack: 0x0000003136a00000,0x0000003136b00000] [id=8284]
  0x000001391018f7f0 ConcurrentGCThread "G1 Main Marker" [stack: 0x0000003136b00000,0x0000003136c00000] [id=4476]
  0x0000013910190110 ConcurrentGCThread "G1 Conc#0" [stack: 0x0000003136c00000,0x0000003136d00000] [id=21440]

[error occurred during error reporting (printing all threads), id 0xc0000005, EXCEPTION_ACCESS_VIOLATION (0xc0000005) at pc=0x00007ffbcace84b7]

VM state: not at safepoint (not fully initialized)

VM Mutex/Monitor currently owned by a thread:  ([mutex/lock_event])
[0x0000013910129db0] Heap_lock - owner thread: 0x000001391012d4c0

Heap address: 0x0000000702600000, size: 4058 MB, Compressed Oops mode: Zero based, Oop shift amount: 3

CDS archive(s) mapped at: [0x0000000000000000-0x0000000000000000-0x0000000000000000), size 0, SharedBaseAddress: 0x0000000800000000, ArchiveRelocationMode: 0.
Narrow klass base: 0x0000000000000000, Narrow klass shift: 0, Narrow klass range: 0x0

GC Precious Log:
<Empty>

Heap:
 garbage-first heap   total 0K, used 0K [0x0000000702600000, 0x0000000800000000)
  region size 2048K, 0 young (0K), 0 survivors (0K)

[error occurred during error reporting (printing heap information), id 0xc0000005, EXCEPTION_ACCESS_VIOLATION (0xc0000005) at pc=0x00007ffbcb0c8d89]

GC Heap History (0 events):
No events

Deoptimization events (0 events):
No events

Classes unloaded (0 events):
No events

Classes redefined (0 events):
No events

Internal exceptions (0 events):
No events

VM Operations (0 events):
No events

Events (1 events):
Event: 0.005 Loaded shared library C:\Users\datpt\Downloads\jdk-17.0.1\bin\java.dll


Dynamic libraries:
0x00007ff6675c0000 - 0x00007ff6675d0000 	C:\Users\datpt\Downloads\jdk-17.0.1\bin\javaw.exe
0x00007ffc62900000 - 0x00007ffc62b07000 	C:\WINDOWS\SYSTEM32\ntdll.dll
0x00007ffc62710000 - 0x00007ffc627cd000 	C:\WINDOWS\System32\KERNEL32.DLL
0x00007ffc5fe50000 - 0x00007ffc601c4000 	C:\WINDOWS\System32\KERNELBASE.dll
0x00007ffc60640000 - 0x00007ffc60751000 	C:\WINDOWS\System32\ucrtbase.dll
0x00007ffc3b190000 - 0x00007ffc3b1aa000 	C:\Users\datpt\Downloads\jdk-17.0.1\bin\VCRUNTIME140.dll
0x00007ffc3af90000 - 0x00007ffc3afa8000 	C:\Users\datpt\Downloads\jdk-17.0.1\bin\jli.dll
0x00007ffc624b0000 - 0x00007ffc6255c000 	C:\WINDOWS\System32\ADVAPI32.dll
0x00007ffc62330000 - 0x00007ffc623d3000 	C:\WINDOWS\System32\msvcrt.dll
0x00007ffc61ae0000 - 0x00007ffc61b7d000 	C:\WINDOWS\System32\sechost.dll
0x00007ffc61410000 - 0x00007ffc61531000 	C:\WINDOWS\System32\RPCRT4.dll
0x00007ffc62560000 - 0x00007ffc6270c000 	C:\WINDOWS\System32\USER32.dll
0x00007ffc60760000 - 0x00007ffc60786000 	C:\WINDOWS\System32\win32u.dll
0x00007ffc44b70000 - 0x00007ffc44e15000 	C:\WINDOWS\WinSxS\amd64_microsoft.windows.common-controls_6595b64144ccf1df_6.0.22000.120_none_9d947278b86cc467\COMCTL32.dll
0x00007ffc612d0000 - 0x00007ffc612f9000 	C:\WINDOWS\System32\GDI32.dll
0x00007ffc603c0000 - 0x00007ffc604d2000 	C:\WINDOWS\System32\gdi32full.dll
0x00007ffc605a0000 - 0x00007ffc6063d000 	C:\WINDOWS\System32\msvcp_win.dll
0x00007ffc58fc0000 - 0x00007ffc58fca000 	C:\WINDOWS\SYSTEM32\VERSION.dll
0x00007ffc613d0000 - 0x00007ffc61401000 	C:\WINDOWS\System32\IMM32.DLL
0x00007ffc49be0000 - 0x00007ffc49bec000 	C:\Users\datpt\Downloads\jdk-17.0.1\bin\vcruntime140_1.dll
0x00007ffbda0b0000 - 0x00007ffbda13d000 	C:\Users\datpt\Downloads\jdk-17.0.1\bin\msvcp140.dll
0x00007ffbcaa00000 - 0x00007ffbcb5be000 	C:\Users\datpt\Downloads\jdk-17.0.1\bin\server\jvm.dll
0x00007ffc62850000 - 0x00007ffc62858000 	C:\WINDOWS\System32\PSAPI.DLL
0x00007ffc5a630000 - 0x00007ffc5a663000 	C:\WINDOWS\SYSTEM32\WINMM.dll
0x00007ffc5afb0000 - 0x00007ffc5afb9000 	C:\WINDOWS\SYSTEM32\WSOCK32.dll
0x00007ffc627e0000 - 0x00007ffc6284f000 	C:\WINDOWS\System32\WS2_32.dll
0x00007ffc5ef80000 - 0x00007ffc5ef98000 	C:\WINDOWS\SYSTEM32\kernel.appcore.dll
0x00007ffc49060000 - 0x00007ffc4906a000 	C:\Users\datpt\Downloads\jdk-17.0.1\bin\jimage.dll
0x00007ffc5daf0000 - 0x00007ffc5dd11000 	C:\WINDOWS\SYSTEM32\DBGHELP.DLL
0x00007ffc43ed0000 - 0x00007ffc43f01000 	C:\WINDOWS\SYSTEM32\dbgcore.DLL
0x00007ffc601d0000 - 0x00007ffc60250000 	C:\WINDOWS\System32\bcryptPrimitives.dll
0x00007ffc24060000 - 0x00007ffc24085000 	C:\Users\datpt\Downloads\jdk-17.0.1\bin\java.dll

dbghelp: loaded successfully - version: 4.0.5 - missing functions: none
symbol engine: initialized successfully - sym options: 0x614 - pdb path: .;C:\Users\datpt\Downloads\jdk-17.0.1\bin;C:\WINDOWS\SYSTEM32;C:\WINDOWS\WinSxS\amd64_microsoft.windows.common-controls_6595b64144ccf1df_6.0.22000.120_none_9d947278b86cc467;C:\Users\datpt\Downloads\jdk-17.0.1\bin\server

VM Arguments:
jvm_args: -Dfile.encoding=UTF-8 -XX:+ShowCodeDetailsInExceptionMessages 
java_command: project.run.Run
java_class_path (initial): C:\Users\datpt\eclipse-workspace\Project\bin;C:\Users\datpt\Downloads\sqljdbc4.jar
Launcher Type: SUN_STANDARD

[Global flags]
     intx CICompilerCount                          = 4                                         {product} {ergonomic}
     uint ConcGCThreads                            = 2                                         {product} {ergonomic}
     uint G1ConcRefinementThreads                  = 8                                         {product} {ergonomic}
   size_t G1HeapRegionSize                         = 2097152                                   {product} {ergonomic}
    uintx GCDrainStackTargetSize                   = 64                                        {product} {ergonomic}
   size_t InitialHeapSize                          = 266338304                                 {product} {ergonomic}
   size_t MarkStackSize                            = 4194304                                   {product} {ergonomic}
   size_t MaxHeapSize                              = 4255121408                                {product} {ergonomic}
   size_t MinHeapDeltaBytes                        = 2097152                                   {product} {ergonomic}
   size_t MinHeapSize                              = 8388608                                   {product} {ergonomic}
    uintx NonNMethodCodeHeapSize                   = 5839372                                {pd product} {ergonomic}
    uintx NonProfiledCodeHeapSize                  = 122909434                              {pd product} {ergonomic}
    uintx ProfiledCodeHeapSize                     = 122909434                              {pd product} {ergonomic}
    uintx ReservedCodeCacheSize                    = 251658240                              {pd product} {ergonomic}
     bool SegmentedCodeCache                       = true                                      {product} {ergonomic}
     bool ShowCodeDetailsInExceptionMessages       = true                                   {manageable} {command line}
   size_t SoftMaxHeapSize                          = 4255121408                             {manageable} {ergonomic}
     bool UseCompressedClassPointers               = true                           {product lp64_product} {ergonomic}
     bool UseCompressedOops                        = true                           {product lp64_product} {ergonomic}
     bool UseG1GC                                  = true                                      {product} {ergonomic}
     bool UseLargePagesIndividualAllocation        = false                                  {pd product} {ergonomic}

Logging:
Log output configuration:
 #0: stdout all=warning uptime,level,tags
 #1: stderr all=off uptime,level,tags

Environment Variables:
PATH=C:/Users/datpt/.p2/pool/plugins/org.eclipse.justj.openjdk.hotspot.jre.full.win32.x86_64_16.0.2.v20210721-1149/jre/bin/server;C:/Users/datpt/.p2/pool/plugins/org.eclipse.justj.openjdk.hotspot.jre.full.win32.x86_64_16.0.2.v20210721-1149/jre/bin;C:\WINDOWS\system32;C:\WINDOWS;C:\WINDOWS\System32\Wbem;C:\WINDOWS\System32\WindowsPowerShell\v1.0\;C:\WINDOWS\System32\OpenSSH\;C:\Program Files\NVIDIA Corporation\NVIDIA NvDLISR;C:\Program Files (x86)\NVIDIA Corporation\PhysX\Common;C:\xampp\php;C:\ProgramData\ComposerSetup\bin;C:\WINDOWS\system32;C:\WINDOWS;C:\WINDOWS\System32\Wbem;C:\WINDOWS\System32\WindowsPowerShell\v1.0\;C:\WINDOWS\System32\OpenSSH\;C:\Program Files\Microsoft SQL Server\Client SDK\ODBC\110\Tools\Binn\;C:\Program Files (x86)\Microsoft SQL Server\120\Tools\Binn\;C:\Program Files\Microsoft SQL Server\120\Tools\Binn\;C:\Program Files\Microsoft SQL Server\120\DTS\Binn\;C:\Program Files (x86)\Microsoft SQL Server\120\Tools\Binn\ManagementStudio\;C:\Program Files (x86)\Microsoft SQL Server\120\DTS\Binn\;C:\Users\datpt\AppData\Local\Microsoft\WindowsApps;;C:\Users\datpt\AppData\Local\Programs\Microsoft VS Code\bin;C:\Users\datpt\AppData\Roaming\Composer\vendor\bin;C:\Users\datpt\OneDrive\Desktop;
USERNAME=datpt
OS=Windows_NT
PROCESSOR_IDENTIFIER=Intel64 Family 6 Model 158 Stepping 10, GenuineIntel



---------------  S Y S T E M  ---------------

OS:
 Windows 10 , 64 bit Build 22000 (10.0.22000.318)
OS uptime: 3 days 11:49 hours

CPU: total 8 (initial active 8) (4 cores per cpu, 2 threads per core) family 6 model 158 stepping 10 microcode 0xde, cx8, cmov, fxsr, ht, mmx, 3dnowpref, sse, sse2, sse3, ssse3, sse4.1, sse4.2, popcnt, lzcnt, tsc, tscinvbit, avx, avx2, aes, erms, clmul, bmi1, bmi2, adx, fma, vzeroupper, clflush, clflushopt

Memory: 4k page, system-wide physical 16225M (5214M free)
TotalPageFile size 31300M (AvailPageFile size 149M)
current process WorkingSet (physical memory assigned to process): 10M, peak: 10M
current process commit charge ("private bytes"): 60M, peak: 314M

vm_info: Java HotSpot(TM) 64-Bit Server VM (17.0.1+12-LTS-39) for windows-amd64 JRE (17.0.1+12-LTS-39), built on Sep 27 2021 18:41:35 by "mach5one" with MS VC++ 16.8 (VS2019)

END.
